<?xml version="1.0" encoding="UTF-8"?>
<!-- Generated by org.testng.reporters.JUnitReportReporter -->
<testsuite hostname="DESKTOP-8CIBRGH" name="testsScripts.Test2" tests="1" failures="0" timestamp="6 Jul 2020 11:29:05 GMT" time="11.942" errors="0">
  <testcase name="runTest" time="11.942" classname="testsScripts.Test2"/>
</testsuite> <!-- testsScripts.Test2 -->
