<?xml version="1.0" encoding="UTF-8"?>
<!-- Generated by org.testng.reporters.JUnitReportReporter -->
<testsuite hostname="DESKTOP-8CIBRGH" name="appTestScripts.TestAlert" tests="1" failures="0" timestamp="19 Jun 2020 10:40:56 GMT" time="6.570" errors="0">
  <testcase name="handleAlert" time="6.570" classname="appTestScripts.TestAlert"/>
</testsuite> <!-- appTestScripts.TestAlert -->
