<?xml version="1.0" encoding="UTF-8"?>
<!-- Generated by org.testng.reporters.JUnitReportReporter -->
<testsuite hostname="DESKTOP-8CIBRGH" name="appTestScripts.TestWindowPage" tests="1" failures="0" timestamp="19 Jun 2020 11:36:44 GMT" time="48.545" errors="0">
  <testcase name="windowSwitchTest" time="48.545" classname="appTestScripts.TestWindowPage"/>
</testsuite> <!-- appTestScripts.TestWindowPage -->
