<?xml version="1.0" encoding="UTF-8"?>
<!-- Generated by org.testng.reporters.JUnitReportReporter -->
<testsuite hostname="DESKTOP-8CIBRGH" name="testsScripts.Test1" tests="1" failures="0" timestamp="15 Jun 2020 11:57:06 GMT" time="16.075" errors="0">
  <testcase name="launchTest1" time="16.075" classname="testsScripts.Test1"/>
</testsuite> <!-- testsScripts.Test1 -->
