<?xml version="1.0" encoding="UTF-8"?>
<!-- Generated by org.testng.reporters.JUnitReportReporter -->
<testsuite hostname="DESKTOP-8CIBRGH" name="testsScripts.Test1" tests="1" failures="0" timestamp="16 Jun 2020 04:58:42 GMT" time="20.015" errors="0">
  <testcase name="launchTest1" time="20.015" classname="testsScripts.Test1"/>
</testsuite> <!-- testsScripts.Test1 -->
