<?xml version="1.0" encoding="UTF-8"?>
<!-- Generated by org.testng.reporters.JUnitReportReporter -->
<testsuite hostname="DESKTOP-8CIBRGH" name="testsScripts.Test2" tests="1" failures="0" timestamp="6 Jul 2020 14:41:35 GMT" time="8.842" errors="0">
  <testcase name="runTest" time="8.842" classname="testsScripts.Test2"/>
</testsuite> <!-- testsScripts.Test2 -->
