<?xml version="1.0" encoding="UTF-8"?>
<!-- Generated by org.testng.reporters.JUnitReportReporter -->
<testsuite hostname="DESKTOP-8CIBRGH" name="appTestScripts.TestAlert" tests="1" failures="0" timestamp="6 Jul 2020 14:41:35 GMT" time="4.031" errors="0">
  <testcase name="handleAlert" time="4.031" classname="appTestScripts.TestAlert"/>
</testsuite> <!-- appTestScripts.TestAlert -->
